2024-10-06 16:50:01,489 [INFO] Activator:176 - 


2024-10-06 16:50:01,490 [INFO] Activator:177 - !SESSION log4j initialized
2024-10-06 16:50:04,448 [INFO] LogOutputStream:77 - [STDOUT_REDIRECT] 
2024-10-06 16:50:05,926 [INFO] ApplicationProperties:184 - Using Application install path: /home/cdelong/st/stm32cubeide_1.16.1/plugins/com.st.stm32cube.common.mx_6.12.1.202409122256
2024-10-06 16:50:05,939 [INFO] DbMcusXml:78 - Set database path to: /home/cdelong/st/stm32cubeide_1.16.1/plugins/com.st.stm32cube.common.mx_6.12.1.202409122256//db//mcu/
2024-10-06 16:50:05,939 [INFO] ApiDb:274 - Set plugin database path to: /home/cdelong/st/stm32cubeide_1.16.1/plugins/com.st.stm32cube.common.mx_6.12.1.202409122256//db//plugins/boardmanager/
2024-10-06 16:50:05,939 [WARN] ApiDb:259 - Overriding images path with different value:  => /home/cdelong/st/stm32cubeide_1.16.1/plugins/com.st.stm32cube.common.mx_6.12.1.202409122256//db//plugins/mcufinder/images/
2024-10-06 16:50:05,943 [INFO] ApiDb:250 - Set database path to: /home/cdelong/.stmcufinder/plugins/mcufinder//mcu/
2024-10-06 16:50:05,944 [INFO] DbMcusAds:125 - Set database path to: /home/cdelong/.stmcufinder/plugins/mcufinder//mcu/
2024-10-06 16:50:05,946 [INFO] CrossReferenceDbSqlite:203 - Set database path to: /home/cdelong/.stmcufinder/plugins/mcufinder//mcu/cs/
2024-10-06 16:50:06,075 [INFO] RulesReader:64 - Compatibility file has been processed (297 Rules)
2024-10-06 16:50:06,139 [INFO] DbMcusXml:78 - Set database path to: /home/cdelong/st/stm32cubeide_1.16.1/plugins/com.st.stm32cube.common.mx_6.12.1.202409122256//db//mcu/
2024-10-06 16:50:06,140 [INFO] ApiDb:274 - Set plugin database path to: /home/cdelong/st/stm32cubeide_1.16.1/plugins/com.st.stm32cube.common.mx_6.12.1.202409122256//db//plugins/boardmanager/
2024-10-06 16:50:06,140 [INFO] ApiDb:261 - Set plugin images path to: /home/cdelong/st/stm32cubeide_1.16.1/plugins/com.st.stm32cube.common.mx_6.12.1.202409122256//db//plugins/mcufinder/images/
2024-10-06 16:50:06,140 [WARN] DbFile:41 - Overriding database path with different value: /home/cdelong/.stmcufinder/plugins/mcufinder/ => /home/cdelong/.stmcufinder/plugins/mcufinder
2024-10-06 16:50:06,140 [INFO] ApiDb:250 - Set database path to: /home/cdelong/.stmcufinder/plugins/mcufinder//mcu/
2024-10-06 16:50:06,140 [WARN] DbFile:41 - Overriding database path with different value: /home/cdelong/.stmcufinder/plugins/mcufinder/ => /home/cdelong/.stmcufinder/plugins/mcufinder
2024-10-06 16:50:06,141 [INFO] DbMcusAds:125 - Set database path to: /home/cdelong/.stmcufinder/plugins/mcufinder//mcu/
2024-10-06 16:50:06,141 [WARN] DbFile:41 - Overriding database path with different value: /home/cdelong/.stmcufinder/plugins/mcufinder/ => /home/cdelong/.stmcufinder/plugins/mcufinder
2024-10-06 16:50:06,141 [WARN] DbFile:41 - Overriding database path with different value: /home/cdelong/.stmcufinder/plugins/mcufinder/ => /home/cdelong/.stmcufinder/plugins/mcufinder
2024-10-06 16:50:06,141 [INFO] CrossReferenceDbSqlite:203 - Set database path to: /home/cdelong/.stmcufinder/plugins/mcufinder//mcu/cs/
2024-10-06 16:50:06,214 [INFO] MainPanel:268 - HeapMemory: 268435456
2024-10-06 16:50:06,300 [INFO] DbMcusXml:78 - Set database path to: /home/cdelong/st/stm32cubeide_1.16.1/plugins/com.st.stm32cube.common.mx_6.12.1.202409122256//db//mcu/
2024-10-06 16:50:06,300 [INFO] ApiDb:274 - Set plugin database path to: /home/cdelong/st/stm32cubeide_1.16.1/plugins/com.st.stm32cube.common.mx_6.12.1.202409122256//db//plugins/boardmanager/
2024-10-06 16:50:06,300 [INFO] ApiDb:261 - Set plugin images path to: /home/cdelong/st/stm32cubeide_1.16.1/plugins/com.st.stm32cube.common.mx_6.12.1.202409122256//db//plugins/mcufinder/images/
2024-10-06 16:50:06,300 [WARN] DbFile:41 - Overriding database path with different value: /home/cdelong/.stmcufinder/plugins/mcufinder/ => /home/cdelong/.stmcufinder/plugins/mcufinder
2024-10-06 16:50:06,300 [INFO] ApiDb:250 - Set database path to: /home/cdelong/.stmcufinder/plugins/mcufinder//mcu/
2024-10-06 16:50:06,300 [WARN] DbFile:41 - Overriding database path with different value: /home/cdelong/.stmcufinder/plugins/mcufinder/ => /home/cdelong/.stmcufinder/plugins/mcufinder
2024-10-06 16:50:06,300 [INFO] DbMcusAds:125 - Set database path to: /home/cdelong/.stmcufinder/plugins/mcufinder//mcu/
2024-10-06 16:50:06,300 [WARN] DbFile:41 - Overriding database path with different value: /home/cdelong/.stmcufinder/plugins/mcufinder/ => /home/cdelong/.stmcufinder/plugins/mcufinder
2024-10-06 16:50:06,300 [WARN] DbFile:41 - Overriding database path with different value: /home/cdelong/.stmcufinder/plugins/mcufinder/ => /home/cdelong/.stmcufinder/plugins/mcufinder
2024-10-06 16:50:06,300 [INFO] CrossReferenceDbSqlite:203 - Set database path to: /home/cdelong/.stmcufinder/plugins/mcufinder//mcu/cs/
2024-10-06 16:50:06,309 [INFO] ApplicationProperties:184 - Using Application install path: /home/cdelong/st/stm32cubeide_1.16.1/plugins/com.st.stm32cube.common.mx_6.12.1.202409122256
2024-10-06 16:50:06,310 [INFO] PluginManage:196 - Search for loadable plugins [exclusion list=, ]
2024-10-06 16:50:06,311 [INFO] PluginManage:310 - Check plugin analytics
2024-10-06 16:50:06,400 [INFO] AnalyticsPlugin:253 - Accepted Software Licenses: 
2024-10-06 16:50:06,400 [INFO] AnalyticsPlugin:255 - Accepted CMSIS Pack Licenses: 
2024-10-06 16:50:06,400 [INFO] AnalyticsPlugin:257 - Accepted Firmware Licenses: FW.F4.1.28.0
2024-10-06 16:50:06,402 [INFO] PluginManage:359 - Loaded plugin analytics (category:tool,tabindex:-1)
2024-10-06 16:50:06,402 [INFO] PluginManage:310 - Check plugin cadmodel
2024-10-06 16:50:06,404 [INFO] CADModel:105 - Init CAD model plugin
2024-10-06 16:50:06,404 [INFO] PluginManage:359 - Loaded plugin cadmodel (category:power,tabindex:5)
2024-10-06 16:50:06,404 [INFO] PluginManage:310 - Check plugin clock
2024-10-06 16:50:06,409 [INFO] PluginManage:359 - Loaded plugin clock (category:base,tabindex:2)
2024-10-06 16:50:06,409 [INFO] PluginManage:310 - Check plugin ddr
2024-10-06 16:50:06,410 [INFO] PluginManage:359 - Loaded plugin ddr (category:tool,tabindex:6)
2024-10-06 16:50:06,410 [INFO] PluginManage:310 - Check plugin filemanager
2024-10-06 16:50:06,494 [INFO] PluginManage:359 - Loaded plugin filemanager (category:base,tabindex:10)
2024-10-06 16:50:06,494 [INFO] PluginManage:310 - Check plugin ipmanager
2024-10-06 16:50:06,497 [INFO] PluginManage:359 - Loaded plugin ipmanager (category:base,tabindex:5)
2024-10-06 16:50:06,497 [INFO] PluginManage:310 - Check plugin lpbam
2024-10-06 16:50:06,502 [INFO] PluginManage:359 - Loaded plugin lpbam (category:base,tabindex:0)
2024-10-06 16:50:06,502 [INFO] PluginManage:310 - Check plugin memorymap
2024-10-06 16:50:06,508 [INFO] PluginManage:359 - Loaded plugin memorymap (category:base,tabindex:4)
2024-10-06 16:50:06,509 [INFO] PluginManage:310 - Check plugin pinoutandconfiguration
2024-10-06 16:50:06,513 [INFO] PluginManage:359 - Loaded plugin pinoutandconfiguration (category:base,tabindex:1)
2024-10-06 16:50:06,513 [INFO] PluginManage:310 - Check plugin pinoutconfig
2024-10-06 16:50:06,561 [WARN] SupportedApi:132 - Cannot load RTOS API schema: s4s-elt-must-match.1: The content of 'definitions' must match (annotation?, (simpleType | complexType)?, (unique | key | keyref)*)). A problem was found starting at: attribute.
2024-10-06 16:50:06,635 [INFO] PluginManage:359 - Loaded plugin pinoutconfig (category:base,tabindex:0)
2024-10-06 16:50:06,635 [INFO] PluginManage:310 - Check plugin power
2024-10-06 16:50:06,639 [INFO] PluginManage:359 - Loaded plugin power (category:power,tabindex:4)
2024-10-06 16:50:06,639 [INFO] PluginManage:310 - Check plugin projectmanager
2024-10-06 16:50:06,649 [INFO] PluginManage:359 - Loaded plugin projectmanager (category:projectmanager,tabindex:4)
2024-10-06 16:50:06,649 [INFO] PluginManage:310 - Check plugin rif
2024-10-06 16:50:06,651 [INFO] PluginManage:359 - Loaded plugin rif (category:base,tabindex:3)
2024-10-06 16:50:06,651 [INFO] PluginManage:310 - Check plugin thirdparty
2024-10-06 16:50:06,713 [INFO] PluginManage:359 - Loaded plugin thirdparty (category:base,tabindex:-1)
2024-10-06 16:50:06,713 [WARN] IntegrityCheckThread:84 - waiting for thirdparty lock release [integrity check]
2024-10-06 16:50:06,713 [INFO] PluginManage:310 - Check plugin tools
2024-10-06 16:50:06,713 [INFO] IntegrityCheckThread:86 - entering critical section [integrity check]
2024-10-06 16:50:06,713 [INFO] ThirdPartyUpdaterWithRetryManager:70 - Updater plugin not ready yet. [1/15]
2024-10-06 16:50:06,714 [INFO] PluginManage:359 - Loaded plugin tools (category:base,tabindex:7)
2024-10-06 16:50:06,714 [INFO] PluginManage:310 - Check plugin tutovideos
2024-10-06 16:50:06,824 [INFO] PluginManage:359 - Loaded plugin tutovideos (category:base,tabindex:-1)
2024-10-06 16:50:06,824 [INFO] PluginManage:310 - Check plugin updater
2024-10-06 16:50:06,834 [INFO] PluginManage:359 - Loaded plugin updater (category:base,tabindex:12)
2024-10-06 16:50:06,834 [INFO] PluginManage:310 - Check plugin userauth
2024-10-06 16:50:06,837 [INFO] UserAuth:113 - Init User Auth plugin
2024-10-06 16:50:06,837 [INFO] PluginManage:359 - Loaded plugin userauth (category:base,tabindex:14)
2024-10-06 16:50:06,837 [INFO] PluginManage:283 - PluginManage : Loaded plugins [18]
2024-10-06 16:50:06,942 [INFO] PinOutPanel:1561 - setPackage(No Configuration,No Configuration)
2024-10-06 16:50:06,988 [INFO] CADModel:165 - CPN selected for project level
2024-10-06 16:50:06,988 [INFO] CADModel:114 - Register for checkConnection events
2024-10-06 16:50:06,996 [INFO] IPUIPlugin:80 - create IPUIPlugin
2024-10-06 16:50:06,997 [INFO] PluginManager:220 - loadIPPluginJar : add stm32_wpan
2024-10-06 16:50:06,997 [INFO] IPUIPlugin:80 - create IPUIPlugin
2024-10-06 16:50:06,997 [INFO] PluginManager:220 - loadIPPluginJar : add tracer_emb
2024-10-06 16:50:07,000 [INFO] IPUIPlugin:80 - create IPUIPlugin
2024-10-06 16:50:07,002 [INFO] PluginManager:220 - loadIPPluginJar : add plateformsettings
2024-10-06 16:50:07,004 [INFO] IPUIPlugin:80 - create IPUIPlugin
2024-10-06 16:50:07,004 [INFO] PluginManager:220 - loadIPPluginJar : add touchsensing
2024-10-06 16:50:07,005 [INFO] IPUIPlugin:80 - create IPUIPlugin
2024-10-06 16:50:07,005 [INFO] PluginManager:220 - loadIPPluginJar : add pdm2pcm
2024-10-06 16:50:07,006 [INFO] IPUIPlugin:80 - create IPUIPlugin
2024-10-06 16:50:07,006 [INFO] PluginManager:220 - loadIPPluginJar : add usbx
2024-10-06 16:50:07,008 [INFO] IPUIPlugin:80 - create IPUIPlugin
2024-10-06 16:50:07,008 [INFO] PluginManager:220 - loadIPPluginJar : add openamp
2024-10-06 16:50:07,009 [INFO] IPUIPlugin:80 - create IPUIPlugin
2024-10-06 16:50:07,009 [INFO] PluginManager:220 - loadIPPluginJar : add resmgrutility
2024-10-06 16:50:07,011 [INFO] IPUIPlugin:80 - create IPUIPlugin
2024-10-06 16:50:07,011 [INFO] PluginManager:220 - loadIPPluginJar : add opamp
2024-10-06 16:50:07,012 [INFO] IPUIPlugin:80 - create IPUIPlugin
2024-10-06 16:50:07,012 [INFO] PluginManager:220 - loadIPPluginJar : add genericplugin
2024-10-06 16:50:07,015 [INFO] IPUIPlugin:80 - create IPUIPlugin
2024-10-06 16:50:07,015 [INFO] PluginManager:220 - loadIPPluginJar : add mdma
2024-10-06 16:50:07,016 [INFO] IPUIPlugin:80 - create IPUIPlugin
2024-10-06 16:50:07,016 [INFO] PluginManager:220 - loadIPPluginJar : add aes
2024-10-06 16:50:07,017 [INFO] IPUIPlugin:80 - create IPUIPlugin
2024-10-06 16:50:07,017 [INFO] PluginManager:220 - loadIPPluginJar : add fatfs
2024-10-06 16:50:07,018 [INFO] IPUIPlugin:80 - create IPUIPlugin
2024-10-06 16:50:07,018 [INFO] PluginManager:220 - loadIPPluginJar : add radio
2024-10-06 16:50:07,019 [INFO] IPUIPlugin:80 - create IPUIPlugin
2024-10-06 16:50:07,020 [INFO] PluginManager:220 - loadIPPluginJar : add spi
2024-10-06 16:50:07,021 [INFO] IPUIPlugin:80 - create IPUIPlugin
2024-10-06 16:50:07,021 [INFO] PluginManager:220 - loadIPPluginJar : add sai
2024-10-06 16:50:07,022 [INFO] IPUIPlugin:80 - create IPUIPlugin
2024-10-06 16:50:07,022 [INFO] PluginManager:220 - loadIPPluginJar : add tsc
2024-10-06 16:50:07,023 [INFO] IPUIPlugin:80 - create IPUIPlugin
2024-10-06 16:50:07,023 [INFO] PluginManager:220 - loadIPPluginJar : add comp
2024-10-06 16:50:07,024 [INFO] IPUIPlugin:80 - create IPUIPlugin
2024-10-06 16:50:07,024 [INFO] PluginManager:220 - loadIPPluginJar : add lorawan
2024-10-06 16:50:07,026 [INFO] IPUIPlugin:80 - create IPUIPlugin
2024-10-06 16:50:07,026 [INFO] PluginManager:220 - loadIPPluginJar : add gpio
2024-10-06 16:50:07,028 [INFO] IPUIPlugin:80 - create IPUIPlugin
2024-10-06 16:50:07,028 [INFO] PluginManager:220 - loadIPPluginJar : add dfsdm
2024-10-06 16:50:07,032 [INFO] IPUIPlugin:80 - create IPUIPlugin
2024-10-06 16:50:07,032 [INFO] PluginManager:220 - loadIPPluginJar : add linkedlist
2024-10-06 16:50:07,033 [INFO] IPUIPlugin:80 - create IPUIPlugin
2024-10-06 16:50:07,034 [INFO] PluginManager:220 - loadIPPluginJar : add extmemmanager
2024-10-06 16:50:07,035 [INFO] IPUIPlugin:80 - create IPUIPlugin
2024-10-06 16:50:07,035 [INFO] PluginManager:220 - loadIPPluginJar : add gfxmmu
2024-10-06 16:50:07,037 [INFO] IPUIPlugin:80 - create IPUIPlugin
2024-10-06 16:50:07,037 [INFO] PluginManager:220 - loadIPPluginJar : add nvic
2024-10-06 16:50:07,038 [INFO] IPUIPlugin:80 - create IPUIPlugin
2024-10-06 16:50:07,038 [INFO] PluginManager:220 - loadIPPluginJar : add gtzc
2024-10-06 16:50:07,039 [INFO] IPUIPlugin:80 - create IPUIPlugin
2024-10-06 16:50:07,039 [INFO] PluginManager:220 - loadIPPluginJar : add i2s
2024-10-06 16:50:07,041 [INFO] IPUIPlugin:80 - create IPUIPlugin
2024-10-06 16:50:07,041 [INFO] PluginManager:220 - loadIPPluginJar : add dma3
2024-10-06 16:50:07,041 [INFO] IPUIPlugin:80 - create IPUIPlugin
2024-10-06 16:50:07,041 [INFO] PluginManager:220 - loadIPPluginJar : add quadspi
2024-10-06 16:50:07,043 [INFO] IPUIPlugin:80 - create IPUIPlugin
2024-10-06 16:50:07,043 [INFO] PluginManager:220 - loadIPPluginJar : add ipddr
2024-10-06 16:50:07,044 [INFO] IPUIPlugin:80 - create IPUIPlugin
2024-10-06 16:50:07,044 [INFO] PluginManager:220 - loadIPPluginJar : add tim
2024-10-06 16:50:07,048 [INFO] IPUIPlugin:80 - create IPUIPlugin
2024-10-06 16:50:07,048 [INFO] PluginManager:220 - loadIPPluginJar : add adc
2024-10-06 16:50:07,049 [INFO] IPUIPlugin:80 - create IPUIPlugin
2024-10-06 16:50:07,049 [INFO] PluginManager:220 - loadIPPluginJar : add i3c
2024-10-06 16:50:07,051 [INFO] IPUIPlugin:80 - create IPUIPlugin
2024-10-06 16:50:07,051 [INFO] PluginManager:220 - loadIPPluginJar : add usart
2024-10-06 16:50:07,052 [INFO] IPUIPlugin:80 - create IPUIPlugin
2024-10-06 16:50:07,052 [INFO] PluginManager:220 - loadIPPluginJar : add cryp
2024-10-06 16:50:07,055 [INFO] IPUIPlugin:80 - create IPUIPlugin
2024-10-06 16:50:07,055 [INFO] PluginManager:220 - loadIPPluginJar : add freertos
2024-10-06 16:50:07,056 [INFO] IPUIPlugin:80 - create IPUIPlugin
2024-10-06 16:50:07,056 [INFO] PluginManager:220 - loadIPPluginJar : add ddr_ctrl_phy
2024-10-06 16:50:07,057 [INFO] IPUIPlugin:80 - create IPUIPlugin
2024-10-06 16:50:07,057 [INFO] PluginManager:220 - loadIPPluginJar : add ucpd
2024-10-06 16:50:07,058 [INFO] IPUIPlugin:80 - create IPUIPlugin
2024-10-06 16:50:07,059 [INFO] PluginManager:220 - loadIPPluginJar : add can
2024-10-06 16:50:07,060 [INFO] IPUIPlugin:80 - create IPUIPlugin
2024-10-06 16:50:07,060 [INFO] PluginManager:220 - loadIPPluginJar : add i2c
2024-10-06 16:50:07,061 [INFO] IPUIPlugin:80 - create IPUIPlugin
2024-10-06 16:50:07,061 [INFO] PluginManager:220 - loadIPPluginJar : add hash
2024-10-06 16:50:07,062 [INFO] IPUIPlugin:80 - create IPUIPlugin
2024-10-06 16:50:07,062 [INFO] PluginManager:220 - loadIPPluginJar : add ltdc
2024-10-06 16:50:07,065 [INFO] IPUIPlugin:80 - create IPUIPlugin
2024-10-06 16:50:07,065 [INFO] PluginManager:220 - loadIPPluginJar : add dma
2024-10-06 16:50:07,066 [INFO] IPUIPlugin:80 - create IPUIPlugin
2024-10-06 16:50:07,067 [INFO] PluginManager:220 - loadIPPluginJar : add ts
2024-10-06 16:50:07,069 [INFO] IPUIPlugin:80 - create IPUIPlugin
2024-10-06 16:50:07,069 [INFO] PluginManager:220 - loadIPPluginJar : add fmc
2024-10-06 16:50:07,072 [INFO] IPUIPlugin:80 - create IPUIPlugin
2024-10-06 16:50:07,072 [INFO] PluginManager:220 - loadIPPluginJar : add gic
2024-10-06 16:50:07,163 [INFO] CADModel:165 - CPN selected for project level
2024-10-06 16:50:07,163 [INFO] CADModel:114 - Register for checkConnection events
2024-10-06 16:50:07,163 [FATAL] Updater:334 - Updater called before beeing initialized
2024-10-06 16:50:07,163 [ERROR] CADModel:125 - Updater not yet initialized, retry later 
2024-10-06 16:50:07,314 [INFO] CADModel:165 - CPN selected for project level
2024-10-06 16:50:07,314 [INFO] CADModel:114 - Register for checkConnection events
2024-10-06 16:50:07,315 [FATAL] Updater:334 - Updater called before beeing initialized
2024-10-06 16:50:07,315 [ERROR] CADModel:125 - Updater not yet initialized, retry later 
2024-10-06 16:50:07,323 [FATAL] Updater:334 - Updater called before beeing initialized
2024-10-06 16:50:07,535 [FATAL] Updater:334 - Updater called before beeing initialized
2024-10-06 16:50:07,539 [INFO] DbMcusAds:53 - JSON generation date=Fri Sep 20 08:04:23 CDT 2024 (1726837463113)
2024-10-06 16:50:07,540 [FATAL] Updater:334 - Updater called before beeing initialized
2024-10-06 16:50:07,572 [WARN] DetailPanel:346 - Failed to get advertising image, set to default
2024-10-06 16:50:07,632 [FATAL] Updater:334 - Updater called before beeing initialized
2024-10-06 16:50:07,633 [FATAL] Updater:334 - Updater called before beeing initialized
2024-10-06 16:50:07,633 [FATAL] Updater:334 - Updater called before beeing initialized
2024-10-06 16:50:07,633 [WARN] DetailPanel:346 - Failed to get advertising image, set to default
2024-10-06 16:50:07,633 [FATAL] Updater:334 - Updater called before beeing initialized
2024-10-06 16:50:07,654 [ERROR] Updater:1164 - MainUpdater not yet initialized. External WinMGr cannot be set.
2024-10-06 16:50:07,655 [INFO] Updater:1100 - Updater Version found : 6.12.1
2024-10-06 16:50:07,665 [INFO] ApplicationProperties:184 - Using Application install path: /home/cdelong/st/stm32cubeide_1.16.1/plugins/com.st.stm32cube.common.mx_6.12.1.202409122256
2024-10-06 16:50:08,661 [INFO] MainUpdater:2873 - connection check result : 10
2024-10-06 16:50:08,663 [INFO] MainUpdater:290 - Updater Check For Update Now.
2024-10-06 16:50:08,663 [INFO] MicroXplorer:498 - Change Database Version : DB.6.0.121
2024-10-06 16:50:08,676 [INFO] McuFinderGlobals:63 - Set McuFinder mode to 2 (CubeIDE integrated)
2024-10-06 16:50:08,677 [INFO] UserAuth:417 - Internet connection configuration mode: 1
2024-10-06 16:50:08,702 [INFO] JxBrowserEngine:152 - Initiate JxBrowser Engine with user profile folder
2024-10-06 16:50:08,994 [INFO] CheckServerUpdateThread:120 - End of CheckServer Thread
2024-10-06 16:50:09,547 [INFO] WebApp:167 - Instantiating new browser for Auth
2024-10-06 16:50:09,909 [WARN] PackLoader:240 - Cannot read IP mode file for STMicroelectronics.FP-SNS-MOTENVWB1.1.4.0
2024-10-06 16:50:09,914 [WARN] PackLoader:240 - Cannot read IP mode file for STMicroelectronics.X-CUBE-SMBUS.2.1.0
2024-10-06 16:50:09,920 [WARN] PackLoader:240 - Cannot read IP mode file for STMicroelectronics.X-CUBE-WB05N.1.1.0
2024-10-06 16:50:09,941 [WARN] PackLoader:240 - Cannot read IP mode file for STMicroelectronics.X-CUBE-AZRTOS-F7.1.1.0
2024-10-06 16:50:09,993 [WARN] PackLoader:240 - Cannot read IP mode file for STMicroelectronics.X-CUBE-MEMS1.11.0.0
2024-10-06 16:50:10,117 [WARN] PackLoader:240 - Cannot read IP mode file for STMicroelectronics.FP-SNS-FLIGHT1.5.0.2
2024-10-06 16:50:10,120 [WARN] PackLoader:240 - Cannot read IP mode file for STMicroelectronics.X-CUBE-DISPLAY.3.0.0
2024-10-06 16:50:10,125 [WARN] PackLoader:240 - Cannot read IP mode file for STMicroelectronics.X-CUBE-BLE1.7.0.0
2024-10-06 16:50:10,129 [WARN] PackLoader:240 - Cannot read IP mode file for STMicroelectronics.X-CUBE-NFC10.1.0.0
2024-10-06 16:50:10,132 [WARN] PackLoader:240 - Cannot read IP mode file for emotas.I-CUBE-CANOPEN.1.3.0
2024-10-06 16:50:10,138 [WARN] PackLoader:240 - Cannot read IP mode file for STMicroelectronics.X-CUBE-BLEMGR.3.1.0
2024-10-06 16:50:10,142 [WARN] PackLoader:240 - Cannot read IP mode file for STMicroelectronics.FP-SNS-SMARTAG2.1.2.0
2024-10-06 16:50:10,148 [INFO] LogOutputStream:77 - [STDOUT_REDIRECT] 1 : Invalid condition id : UX_CORESTACK_Condition cause : null
2024-10-06 16:50:10,149 [INFO] LogOutputStream:77 - [STDOUT_REDIRECT] 1 : Invalid condition id : UX_CORESTACK_Condition cause : null
2024-10-06 16:50:10,149 [INFO] LogOutputStream:77 - [STDOUT_REDIRECT] 1 : Invalid condition id : UX_CORESTACK_Condition cause : null
2024-10-06 16:50:10,149 [INFO] LogOutputStream:77 - [STDOUT_REDIRECT] 1 : Invalid condition id : UX_CORESTACK_Condition cause : null
2024-10-06 16:50:10,149 [INFO] LogOutputStream:77 - [STDOUT_REDIRECT] 1 : Invalid condition id : UX_CORESTACK_Condition cause : null
2024-10-06 16:50:10,151 [WARN] PackLoader:240 - Cannot read IP mode file for STMicroelectronics.X-CUBE-AZRTOS-WL.2.0.0
2024-10-06 16:50:10,156 [WARN] PackLoader:240 - Cannot read IP mode file for STMicroelectronics.FP-SNS-MOTENV1.5.0.0
2024-10-06 16:50:10,159 [WARN] PackLoader:240 - Cannot read IP mode file for wolfSSL.I-CUBE-wolfMQTT.1.19.0
2024-10-06 16:50:10,164 [WARN] PackLoader:240 - Cannot read IP mode file for WES.I-CUBE-Cesium.1.3.0
2024-10-06 16:50:10,166 [WARN] PackLoader:240 - Cannot read IP mode file for STMicroelectronics.X-CUBE-BLE2.3.3.0
2024-10-06 16:50:10,170 [WARN] PackLoader:240 - Cannot read IP mode file for STMicroelectronics.X-CUBE-NFC9.1.0.0
2024-10-06 16:50:10,174 [WARN] PackLoader:240 - Cannot read IP mode file for STMicroelectronics.X-CUBE-TCPP.4.1.0
2024-10-06 16:50:10,185 [WARN] PackLoader:240 - Cannot read IP mode file for STMicroelectronics.X-CUBE-AZRTOS-G0.1.1.0
2024-10-06 16:50:10,190 [WARN] PackLoader:240 - Cannot read IP mode file for STMicroelectronics.X-CUBE-SAFEA1.1.2.2
2024-10-06 16:50:10,193 [WARN] PackLoader:240 - Cannot read IP mode file for STMicroelectronics.X-CUBE-NFC4.3.0.0
2024-10-06 16:50:10,199 [WARN] PackLoader:240 - Cannot read IP mode file for EmbeddedOffice.I-CUBE-FS-RTOS.1.0.1
2024-10-06 16:50:10,199 [ERROR] ConditionMgr:805 - Attr not supported : Dmpu
2024-10-06 16:50:10,199 [ERROR] ConditionMgr:805 - Attr not supported : Dmpu
2024-10-06 16:50:10,199 [ERROR] ConditionMgr:805 - Attr not supported : Dmpu
2024-10-06 16:50:10,199 [ERROR] ConditionMgr:805 - Attr not supported : Dmpu
2024-10-06 16:50:10,199 [ERROR] ConditionMgr:805 - Attr not supported : Dmpu
2024-10-06 16:50:10,199 [ERROR] ConditionMgr:805 - Attr not supported : Dmpu
2024-10-06 16:50:10,199 [ERROR] ConditionMgr:805 - Attr not supported : Dmpu
2024-10-06 16:50:10,199 [ERROR] ConditionMgr:805 - Attr not supported : Dmpu
2024-10-06 16:50:10,199 [ERROR] ConditionMgr:805 - Attr not supported : Dmpu
2024-10-06 16:50:10,199 [ERROR] ConditionMgr:805 - Attr not supported : Dmpu
2024-10-06 16:50:10,199 [ERROR] ConditionMgr:805 - Attr not supported : Dmpu
2024-10-06 16:50:10,199 [ERROR] ConditionMgr:805 - Attr not supported : Dmpu
2024-10-06 16:50:10,199 [ERROR] ConditionMgr:805 - Attr not supported : Dmpu
2024-10-06 16:50:10,199 [ERROR] ConditionMgr:805 - Attr not supported : Dmpu
2024-10-06 16:50:10,200 [ERROR] ConditionMgr:805 - Attr not supported : Dmpu
2024-10-06 16:50:10,200 [ERROR] ConditionMgr:805 - Attr not supported : Dmpu
2024-10-06 16:50:10,200 [ERROR] ConditionMgr:805 - Attr not supported : Dmpu
2024-10-06 16:50:10,200 [ERROR] ConditionMgr:805 - Attr not supported : Dmpu
2024-10-06 16:50:10,200 [ERROR] ConditionMgr:805 - Attr not supported : Dmpu
2024-10-06 16:50:10,200 [ERROR] ConditionMgr:805 - Attr not supported : Dmpu
2024-10-06 16:50:10,200 [ERROR] ConditionMgr:805 - Attr not supported : Dmpu
2024-10-06 16:50:10,200 [ERROR] ConditionMgr:805 - Attr not supported : Dmpu
2024-10-06 16:50:10,200 [ERROR] ConditionMgr:805 - Attr not supported : Dmpu
2024-10-06 16:50:10,200 [ERROR] ConditionMgr:805 - Attr not supported : Dmpu
2024-10-06 16:50:10,200 [ERROR] ConditionMgr:805 - Attr not supported : Dmpu
2024-10-06 16:50:10,200 [ERROR] ConditionMgr:805 - Attr not supported : Dmpu
2024-10-06 16:50:10,200 [ERROR] ConditionMgr:805 - Attr not supported : Dmpu
2024-10-06 16:50:10,200 [ERROR] ConditionMgr:805 - Attr not supported : Dmpu
2024-10-06 16:50:10,200 [ERROR] ConditionMgr:805 - Attr not supported : Dmpu
2024-10-06 16:50:10,200 [ERROR] ConditionMgr:805 - Attr not supported : Dmpu
2024-10-06 16:50:10,200 [ERROR] ConditionMgr:805 - Attr not supported : Dmpu
2024-10-06 16:50:10,200 [ERROR] ConditionMgr:805 - Attr not supported : Dmpu
2024-10-06 16:50:10,200 [ERROR] ConditionMgr:805 - Attr not supported : Dmpu
2024-10-06 16:50:10,200 [ERROR] ConditionMgr:805 - Attr not supported : Dmpu
2024-10-06 16:50:10,201 [ERROR] ConditionMgr:805 - Attr not supported : Dmpu
2024-10-06 16:50:10,201 [ERROR] ConditionMgr:805 - Attr not supported : Dmpu
2024-10-06 16:50:10,201 [ERROR] ConditionMgr:805 - Attr not supported : Dmpu
2024-10-06 16:50:10,201 [ERROR] ConditionMgr:805 - Attr not supported : Dmpu
2024-10-06 16:50:10,201 [ERROR] ConditionMgr:805 - Attr not supported : Dmpu
2024-10-06 16:50:10,201 [ERROR] ConditionMgr:805 - Attr not supported : Dmpu
2024-10-06 16:50:10,201 [ERROR] ConditionMgr:805 - Attr not supported : Dmpu
2024-10-06 16:50:10,201 [ERROR] ConditionMgr:805 - Attr not supported : Dmpu
2024-10-06 16:50:10,201 [ERROR] ConditionMgr:805 - Attr not supported : Dmpu
2024-10-06 16:50:10,201 [ERROR] ConditionMgr:805 - Attr not supported : Dmpu
2024-10-06 16:50:10,201 [ERROR] ConditionMgr:805 - Attr not supported : Dmpu
2024-10-06 16:50:10,201 [ERROR] ConditionMgr:805 - Attr not supported : Dmpu
2024-10-06 16:50:10,201 [ERROR] ConditionMgr:805 - Attr not supported : Dmpu
2024-10-06 16:50:10,201 [ERROR] ConditionMgr:805 - Attr not supported : Dmpu
2024-10-06 16:50:10,201 [ERROR] ConditionMgr:805 - Attr not supported : Dmpu
2024-10-06 16:50:10,201 [ERROR] ConditionMgr:805 - Attr not supported : Dmpu
2024-10-06 16:50:10,201 [ERROR] ConditionMgr:805 - Attr not supported : Dmpu
2024-10-06 16:50:10,201 [ERROR] ConditionMgr:805 - Attr not supported : Dmpu
2024-10-06 16:50:10,202 [ERROR] ConditionMgr:805 - Attr not supported : Dmpu
2024-10-06 16:50:10,202 [ERROR] ConditionMgr:805 - Attr not supported : Dmpu
2024-10-06 16:50:10,202 [ERROR] ConditionMgr:805 - Attr not supported : Dmpu
2024-10-06 16:50:10,202 [ERROR] ConditionMgr:805 - Attr not supported : Dmpu
2024-10-06 16:50:10,202 [ERROR] ConditionMgr:805 - Attr not supported : Dmpu
2024-10-06 16:50:10,202 [ERROR] ConditionMgr:805 - Attr not supported : Dmpu
2024-10-06 16:50:10,202 [ERROR] ConditionMgr:805 - Attr not supported : Dmpu
2024-10-06 16:50:10,202 [ERROR] ConditionMgr:805 - Attr not supported : Dmpu
2024-10-06 16:50:10,202 [ERROR] ConditionMgr:805 - Attr not supported : Dmpu
2024-10-06 16:50:10,202 [ERROR] ConditionMgr:805 - Attr not supported : Dmpu
2024-10-06 16:50:10,202 [ERROR] ConditionMgr:805 - Attr not supported : Dmpu
2024-10-06 16:50:10,202 [ERROR] ConditionMgr:805 - Attr not supported : Dmpu
2024-10-06 16:50:10,204 [WARN] PackLoader:240 - Cannot read IP mode file for RealThread.X-CUBE-RT-Thread_Nano.4.1.1
2024-10-06 16:50:10,206 [WARN] PackLoader:240 - Cannot read IP mode file for STMicroelectronics.FP-ATR-SIGFOX1.3.2.0
2024-10-06 16:50:10,208 [WARN] PackLoader:240 - Cannot read IP mode file for wolfSSL.I-CUBE-wolfSSL.5.7.2
2024-10-06 16:50:10,211 [WARN] PackLoader:240 - Cannot read IP mode file for STMicroelectronics.X-CUBE-EEPRMA1.5.1.0
2024-10-06 16:50:10,215 [WARN] PackLoader:240 - Cannot read IP mode file for ITTIA_DB.I-CUBE-ITTIADB.8.9.0
2024-10-06 16:50:10,249 [WARN] PackLoader:240 - Cannot read IP mode file for SEGGER.I-CUBE-embOS.1.3.1
2024-10-06 16:50:10,288 [WARN] PackLoader:240 - Cannot read IP mode file for STMicroelectronics.X-CUBE-ALGOBUILD.1.4.0
2024-10-06 16:50:10,291 [WARN] PackLoader:240 - Cannot read IP mode file for STMicroelectronics.X-CUBE-AI.9.1.0
2024-10-06 16:50:10,303 [WARN] PackLoader:240 - Cannot read IP mode file for STMicroelectronics.X-CUBE-AZRTOS-F4.1.1.0
2024-10-06 16:50:10,306 [WARN] PackLoader:240 - Cannot read IP mode file for STMicroelectronics.X-CUBE-ISPU.2.1.0
2024-10-06 16:50:10,309 [WARN] PackLoader:240 - Cannot read IP mode file for STMicroelectronics.X-CUBE-FREERTOS.1.2.0
2024-10-06 16:50:10,333 [INFO] WebApp:448 - Apply proxy settings
2024-10-06 16:50:10,333 [INFO] WebApp:533 - Chromium requires no authentication
2024-10-06 16:50:10,339 [INFO] WebApp:476 - Direct internet connection detected
2024-10-06 16:50:10,341 [WARN] PackLoader:240 - Cannot read IP mode file for STMicroelectronics.X-CUBE-AZRTOS-L5.2.0.0
2024-10-06 16:50:10,351 [WARN] PackLoader:240 - Cannot read IP mode file for STMicroelectronics.X-CUBE-NFC6.3.1.0
2024-10-06 16:50:10,363 [WARN] PackLoader:240 - Cannot read IP mode file for STMicroelectronics.X-CUBE-DPower.1.2.0
2024-10-06 16:50:10,365 [WARN] PackLoader:240 - Cannot read IP mode file for STMicroelectronics.X-CUBE-AI.9.0.0
2024-10-06 16:50:10,368 [WARN] PackLoader:240 - Cannot read IP mode file for STMicroelectronics.X-CUBE-NFC7.1.0.1
2024-10-06 16:50:10,369 [INFO] WebApp:869 - Register for checkConnection events
2024-10-06 16:50:10,369 [INFO] WebApp:448 - Apply proxy settings
2024-10-06 16:50:10,369 [INFO] WebApp:533 - Chromium requires no authentication
2024-10-06 16:50:10,369 [INFO] WebApp:476 - Direct internet connection detected
2024-10-06 16:50:10,382 [WARN] ConditionMgr:438 - getConditionDescription Invalid condition id : LAN8742 Phy interface Condition cause : null
2024-10-06 16:50:10,382 [WARN] PackLoader:240 - Cannot read IP mode file for STMicroelectronics.X-CUBE-AZRTOS-L4.2.0.0
2024-10-06 16:50:10,383 [WARN] ConditionMgr:1039 - genDependencies : Invalid condition id : LAN8742 Phy interface Condition cause : null
2024-10-06 16:50:10,383 [WARN] ConditionMgr:1039 - genDependencies : Invalid condition id : LAN8742 Phy interface Condition cause : null
2024-10-06 16:50:10,384 [WARN] ConditionMgr:1039 - genDependencies : Invalid condition id : LAN8742 Phy interface Condition cause : null
2024-10-06 16:50:10,388 [WARN] PackLoader:240 - Cannot read IP mode file for STMicroelectronics.X-CUBE-SFXS2LP1.4.0.0
2024-10-06 16:50:10,417 [WARN] PackLoader:240 - Cannot read IP mode file for STMicroelectronics.X-CUBE-AZRTOS-H7.3.3.0
2024-10-06 16:50:10,425 [WARN] PackLoader:240 - Cannot read IP mode file for STMicroelectronics.X-CUBE-IPS.3.0.0
2024-10-06 16:50:10,435 [WARN] ConditionMgr:438 - getConditionDescription Invalid condition id : UX DEVICE CLASS RTOS Condition cause : null
2024-10-06 16:50:10,436 [WARN] ConditionMgr:438 - getConditionDescription Invalid condition id : UX DEVICE CLASS RTOS Condition cause : null
2024-10-06 16:50:10,437 [WARN] PackLoader:240 - Cannot read IP mode file for STMicroelectronics.X-CUBE-AZRTOS-WB.2.0.0
2024-10-06 16:50:10,437 [WARN] ConditionMgr:1039 - genDependencies : Invalid condition id : UX DEVICE CLASS RTOS Condition cause : null
2024-10-06 16:50:10,437 [WARN] ConditionMgr:1039 - genDependencies : Invalid condition id : UX DEVICE CLASS RTOS Condition cause : null
2024-10-06 16:50:10,438 [WARN] ConditionMgr:1039 - genDependencies : Invalid condition id : UX DEVICE CLASS RTOS Condition cause : null
2024-10-06 16:50:10,438 [WARN] ConditionMgr:1039 - genDependencies : Invalid condition id : UX DEVICE CLASS RTOS Condition cause : null
2024-10-06 16:50:10,438 [WARN] ConditionMgr:1039 - genDependencies : Invalid condition id : UX DEVICE CLASS RTOS Condition cause : null
2024-10-06 16:50:10,441 [WARN] PackLoader:240 - Cannot read IP mode file for STMicroelectronics.X-CUBE-GNSS1.7.0.0
2024-10-06 16:50:10,444 [WARN] PackLoader:240 - Cannot read IP mode file for STMicroelectronics.FP-SNS-STBOX1.2.0.0
2024-10-06 16:50:10,451 [WARN] PackLoader:240 - Cannot read IP mode file for STMicroelectronics.X-CUBE-SUBG2.5.0.0
2024-10-06 16:50:10,455 [WARN] PackLoader:240 - Cannot read IP mode file for Cesanta.I-CUBE-Mongoose.7.13.0
2024-10-06 16:50:10,463 [WARN] PackLoader:240 - Cannot read IP mode file for STMicroelectronics.X-CUBE-AZRTOS-G4.2.0.0
2024-10-06 16:50:10,466 [WARN] PackLoader:240 - Cannot read IP mode file for STMicroelectronics.X-CUBE-ALS.1.0.2
2024-10-06 16:50:10,468 [WARN] PackLoader:240 - Cannot read IP mode file for STMicroelectronics.X-CUBE-TOUCHGFX.4.24.1
2024-10-06 16:50:10,470 [WARN] PackLoader:240 - Cannot read IP mode file for wolfSSL.I-CUBE-wolfTPM.3.4.0
2024-10-06 16:50:10,472 [WARN] PackLoader:240 - Cannot read IP mode file for portGmbH.I-Cube-SoM-uGOAL.1.1.0
2024-10-06 16:50:10,482 [INFO] WebApp:220 - Starting web application
2024-10-06 16:50:10,482 [INFO] WebApp:578 - Web application path used /home/cdelong/st/stm32cubeide_1.16.1/plugins/com.st.stm32cube.common.mx_6.12.1.202409122256/db/plugins/mcufinder/reactClient1/index.html
2024-10-06 16:50:10,483 [WARN] PackLoader:240 - Cannot read IP mode file for STMicroelectronics.X-CUBE-AZRTOS-H7RS.1.0.0
2024-10-06 16:50:10,486 [WARN] PackLoader:240 - Cannot read IP mode file for STMicroelectronics.FP-ATR-ASTRA1.2.0.0
2024-10-06 16:50:10,492 [WARN] PackLoader:240 - Cannot read IP mode file for STMicroelectronics.X-CUBE-TOF1.3.4.2
2024-10-06 16:50:10,512 [WARN] PackLoader:240 - Cannot read IP mode file for Infineon.AIROC-Wi-Fi-Bluetooth-STM32.1.6.1
2024-10-06 16:50:10,516 [WARN] PackLoader:240 - Cannot read IP mode file for wolfSSL.I-CUBE-wolfSSH.1.4.17
2024-10-06 16:50:10,516 [INFO] ThirdParty:978 - Integrity check success = true
2024-10-06 16:50:10,516 [INFO] IntegrityCheckThread:100 - exiting critical section [integrity check]
2024-10-06 16:50:10,516 [INFO] IntegrityCheckThread:103 - End integrity checks thread
2024-10-06 16:50:10,552 [INFO] UserAuth:417 - Internet connection configuration mode: 1
2024-10-06 16:50:10,861 [INFO] WebApp:186 - Connection restablished
